Arguments: 
  C:\Program Files\nodejs\node.exe C:\Program Files (x86)\Yarn\bin\yarn.js add @bit/vitorbarbosa19.ziro.spinner-with-div

PATH: 
  C:\Program Files\nodejs\node_modules\npm\node_modules\npm-lifecycle\node-gyp-bin;C:\Users\alessandrogentil\Documents\Ziro\components\node_modules\.bin;C:\Python38\Scripts\;C:\Python38\;C:\Python27\;C:\Python27\Scripts;C:\Program Files (x86)\Common Files\Oracle\Java\javapath;C:\WINDOWS\system32;C:\WINDOWS;C:\WINDOWS\System32\Wbem;C:\WINDOWS\System32\WindowsPowerShell\v1.0\;C:\WINDOWS\System32\OpenSSH\;C:\Program Files\NVIDIA Corporation\NVIDIA NvDLISR;C:\Program Files (x86)\NVIDIA Corporation\PhysX\Common;C:\Program Files (x86)\Microsoft SQL Server\150\DTS\Binn\;C:\Program Files\Microsoft SQL Server\Client SDK\ODBC\130\Tools\Binn\;C:\Program Files (x86)\Microsoft SQL Server\140\Tools\Binn\;C:\Program Files\Microsoft SQL Server\140\Tools\Binn\;C:\Program Files\Microsoft SQL Server\140\DTS\Binn\;C:\Program Files\dotnet\;C:\Program Files\Microsoft SQL Server\130\Tools\Binn\;C:\Program Files\Microsoft SQL Server\Client SDK\ODBC\170\Tools\Binn\;C:\ProgramData\chocolatey\bin;%ANDROID_HOME%\platform-tools;%ANDROID_HOME%\tools;C:\Users\alessandrogentil\AppData\Roaming\npm;C:\Users\alessandrogentil\AppData\Local\Android\Sdk\platform-tools;;C:\Program Files\Git\cmd;C:\flutter\bin;C:\Program Files (x86)\Google\Cloud SDK\google-cloud-sdk\bin;C:\Program Files\Docker\Docker\resources\bin;C:\ProgramData\DockerDesktop\version-bin;C:\Dart\dart-sdk\bin;C:\Program Files\nodejs\;C:\Program Files (x86)\Yarn\bin\;C:\Program Files\PowerShell\7-preview\preview;C:\Users\alessandrogentil\AppData\Local\Programs\Microsoft VS Code\bin;C:\Users\alessandrogentil\AppData\Local\hyper\app-3.0.2\resources\bin;C:\Users\alessandrogentil\AppData\Local\GitHubDesktop\bin;C:\flutter\bin;;C:\tools\dart-sdk\bin;C:\Users\alessandrogentil\AppData\Roaming\Pub\Cache\bin;C:\Users\alessandrogentil\AppData\Roaming\npm;C:\Users\alessandrogentil\AppData\Local\Yarn\bin;C:\Program Files\heroku\bin

Yarn version: 
  1.22.0

Node version: 
  12.16.1

Platform: 
  win32 x64

Trace: 
  Error: https://registry.npmjs.org/@bit%2fvitorbarbosa19.ziro.spinner-with-div: Not found
      at Request.params.callback [as _callback] (C:\Program Files (x86)\Yarn\lib\cli.js:66084:18)
      at Request.self.callback (C:\Program Files (x86)\Yarn\lib\cli.js:140727:22)
      at Request.emit (events.js:311:20)
      at Request.<anonymous> (C:\Program Files (x86)\Yarn\lib\cli.js:141699:10)
      at Request.emit (events.js:311:20)
      at IncomingMessage.<anonymous> (C:\Program Files (x86)\Yarn\lib\cli.js:141621:12)
      at Object.onceWrapper (events.js:417:28)
      at IncomingMessage.emit (events.js:323:22)
      at endReadableNT (_stream_readable.js:1204:12)
      at processTicksAndRejections (internal/process/task_queues.js:84:21)

npm manifest: 
  {
    "name": "components",
    "version": "1.0.0",
    "description": "Component library for Ziro",
    "main": "index.js",
    "scripts": {
      "start": "parcel src/index.html",
      "build": "parcel build src/index.html",
      "docz:dev": "docz dev",
      "docz:build": "docz build",
      "docz:serve": "docz build && docz serve"
    },
    "keywords": [],
    "author": "Vitor Barbosa",
    "license": "ISC",
    "browserslist": [
      "last 1 Chrome version"
    ],
    "devDependencies": {
      "parcel-bundler": "^1.12.3"
    },
    "dependencies": {
      "@babel/runtime": "^7.9.2",
      "@ziro/capitalize": "^1.0.0",
      "@ziro/currency-format": "^1.0.0",
      "@ziro/mask-input": "^1.0.0",
      "@ziro/theme": "^1.0.3",
      "docz": "^2.3.1",
      "framer-motion": "^1.10.3",
      "gatsby-plugin-web-font-loader": "^1.0.4",
      "mapbox-gl": "^1.9.1",
      "moment": "^2.24.0",
      "react": "^16.13.1",
      "react-dates": "^21.8.0",
      "react-day-picker": "^7.4.8",
      "react-dom": "^16.13.1",
      "react-helmet": "^5.2.1",
      "react-spring": "^8.0.27",
      "react-toastify": "^5.5.0",
      "react-with-direction": "^1.3.1",
      "webfontloader": "^1.6.28",
      "wouter": "^2.4.0"
    },
    "peerDependencies": {
      "react": "^16.9.0",
      "react-dom": "^16.9.0"
    },
    "bit": {
      "env": {
        "compiler": "bit.envs/compilers/react@1.0.16"
      },
      "componentsDefaultDirectory": "components/{name}",
      "packageManager": "npm"
    }
  }

yarn manifest: 
  No manifest

Lockfile: 
  No lockfile
